Application/build/intermediates/manifest_merge_blame_file/debug/manifest-merger-blame-debug-report.txt
1<?xml version="1.0" encoding="utf-8"?>
2<manifest xmlns:android="http://schemas.android.com/apk/res/android"
3    package="com.example.android.bluetoothlegatt_touchMe"
4    android:versionCode="1"
5    android:versionName="1.0" >
6
7    <uses-sdk
8        android:minSdkVersion="23"
8-->src\main\AndroidManifest.xml
9        android:targetSdkVersion="27" />
9-->src\main\AndroidManifest.xml
10
11    <!-- Min/target SDK versions (<uses-sdk>) managed by build.gradle -->
12    <!--
13 Declare this required feature if you want to make the app available to BLE-capable
14    devices only.  If you want to make your app available to devices that don't support BLE,
15    you should omit this in the manifest.  Instead, determine BLE capability by using
16    PackageManager.hasSystemFeature(FEATURE_BLUETOOTH_LE)
17    -->
18    <uses-feature
18-->src\main\AndroidManifest.xml:14:5-16:35
19        android:name="android.hardware.bluetooth_le"
19-->src\main\AndroidManifest.xml:15:9-53
20        android:required="true" />
20-->src\main\AndroidManifest.xml:16:9-32
21
22    <uses-permission android:name="android.permission.ACCESS_COARSE_LOCATION" />
22-->src\main\AndroidManifest.xml:18:5-81
22-->src\main\AndroidManifest.xml:18:22-78
23    <uses-permission android:name="android.permission.ACCESS_FINE_LOCATION" />
23-->src\main\AndroidManifest.xml:19:5-78
23-->src\main\AndroidManifest.xml:19:22-76
24    <uses-permission android:name="android.permission.BLUETOOTH" />
24-->src\main\AndroidManifest.xml:20:5-68
24-->src\main\AndroidManifest.xml:20:22-65
25    <uses-permission android:name="android.permission.BLUETOOTH_ADMIN" />
25-->src\main\AndroidManifest.xml:21:5-74
25-->src\main\AndroidManifest.xml:21:22-71
26    <uses-permission android:name="android.permission.INTERNET" />
26-->src\main\AndroidManifest.xml:22:5-67
26-->src\main\AndroidManifest.xml:22:22-64
27
28    <uses-feature
28-->src\main\AndroidManifest.xml:14:5-16:35
29        android:name="android.hardware.bluetooth_le"
29-->src\main\AndroidManifest.xml:15:9-53
30        android:required="true" />
30-->src\main\AndroidManifest.xml:16:9-32
31
32    <application
32-->src\main\AndroidManifest.xml:26:5-77:19
33        android:configChanges="orientation|keyboardHidden"
33-->src\main\AndroidManifest.xml:27:9-59
34        android:debuggable="true"
35        android:icon="@drawable/ubio_logo"
35-->src\main\AndroidManifest.xml:28:9-43
36        android:label="@string/app_name"
36-->src\main\AndroidManifest.xml:29:9-41
37        android:testOnly="true"
38        android:theme="@android:style/Theme.Holo.NoActionBar" >
38-->src\main\AndroidManifest.xml:30:9-62
39        <activity
39-->src\main\AndroidManifest.xml:32:9-40:20
40            android:name="com.example.android.bluetoothlegatt_touchMe.com.start_Activity"
40-->src\main\AndroidManifest.xml:33:13-47
41            android:label="Sigh In" >
41-->src\main\AndroidManifest.xml:34:13-36
42            <intent-filter>
42-->src\main\AndroidManifest.xml:35:13-39:29
43                <action android:name="android.intent.action.MAIN" />
43-->src\main\AndroidManifest.xml:36:17-69
43-->src\main\AndroidManifest.xml:36:25-66
44
45                <category android:name="android.intent.category.LAUNCHER" />
45-->src\main\AndroidManifest.xml:38:17-77
45-->src\main\AndroidManifest.xml:38:27-74
46            </intent-filter>
47        </activity>
48        <activity
48-->src\main\AndroidManifest.xml:41:9-43:53
49            android:name="com.example.android.bluetoothlegatt_touchMe.com.DeviceScanActivity"
49-->src\main\AndroidManifest.xml:42:13-51
50            android:label="GTO touch Me" />
50-->src\main\AndroidManifest.xml:43:13-41
51        <activity
51-->src\main\AndroidManifest.xml:44:9-46:69
52            android:name="com.example.android.bluetoothlegatt_touchMe.com.LoginActivity"
52-->src\main\AndroidManifest.xml:45:13-46
53            android:label="@string/title_activity_login" />
53-->src\main\AndroidManifest.xml:46:13-57
54        <activity
54-->src\main\AndroidManifest.xml:47:9-50:51
55            android:name="com.example.android.bluetoothlegatt_touchMe.com.DeviceControlActivity"
55-->src\main\AndroidManifest.xml:48:13-54
56            android:clearTaskOnLaunch="true"
56-->src\main\AndroidManifest.xml:49:13-45
57            android:launchMode="singleInstance" />
57-->src\main\AndroidManifest.xml:50:13-48
58        <activity
58-->src\main\AndroidManifest.xml:51:9-54:60
59            android:name="com.example.android.bluetoothlegatt_touchMe.com.main_menu.SetupActivity"
59-->src\main\AndroidManifest.xml:52:13-56
60            android:label="GTO touch Me"
60-->src\main\AndroidManifest.xml:53:13-41
61            android:launchMode="singleInstance" />
61-->src\main\AndroidManifest.xml:54:13-48
62        <activity
62-->src\main\AndroidManifest.xml:55:9-58:60
63            android:name="com.example.android.bluetoothlegatt_touchMe.com.main_menu.NodeScanningActivity"
63-->src\main\AndroidManifest.xml:56:13-63
64            android:label="GTO touch Me"
64-->src\main\AndroidManifest.xml:57:13-41
65            android:launchMode="singleInstance" />
65-->src\main\AndroidManifest.xml:58:13-48
66        <activity
66-->src\main\AndroidManifest.xml:59:9-62:60
67            android:name="com.example.android.bluetoothlegatt_touchMe.com.main_menu.DeviceMappingActivity"
67-->src\main\AndroidManifest.xml:60:13-64
68            android:label="GTO touch Me"
68-->src\main\AndroidManifest.xml:61:13-41
69            android:launchMode="singleInstance" />
69-->src\main\AndroidManifest.xml:62:13-48
70        <activity
70-->src\main\AndroidManifest.xml:63:9-66:60
71            android:name="com.example.android.bluetoothlegatt_touchMe.com.main_menu.ReportAnalysisActivity"
71-->src\main\AndroidManifest.xml:64:13-65
72            android:label="GTO touch Me"
72-->src\main\AndroidManifest.xml:65:13-41
73            android:launchMode="singleInstance" />
73-->src\main\AndroidManifest.xml:66:13-48
74        <activity
74-->src\main\AndroidManifest.xml:67:9-72:20
75            android:name="com.example.android.bluetoothlegatt_touchMe.com.main_menu.RunActivity"
75-->src\main\AndroidManifest.xml:68:13-54
76            android:clearTaskOnLaunch="true"
76-->src\main\AndroidManifest.xml:70:13-45
77            android:label="GTO touch Me"
77-->src\main\AndroidManifest.xml:69:13-41
78            android:launchMode="singleInstance" >
78-->src\main\AndroidManifest.xml:71:13-48
79        </activity>
80
81        <service
81-->src\main\AndroidManifest.xml:74:9-76:38
82            android:name="com.example.android.bluetoothlegatt_touchMe.com.BluetoothLeService"
82-->src\main\AndroidManifest.xml:75:13-51
83            android:enabled="true" />
83-->src\main\AndroidManifest.xml:76:13-35
84    </application>
85
86</manifest>